Using pre-set license
Built from '2020.3/release' branch; Version is '2020.3.34f1 (9a4c9c70452b) revision 10112156'; Using compiler version '192528614'; Build Type 'Release'
OS: 'Windows 10  (10.0.17763) 64bit EnterpriseS' Language: 'ru' Physical Memory: 8044 MB
BatchMode: 1, IsHumanControllingUs: 0, StartBugReporterOnCrash: 0, Is64bit: 1, IsPro: 0

COMMAND LINE ARGUMENTS:
C:\Unity\2020.3.33f1\2020.3.34f1\Editor\Unity.exe
-adb2
-batchMode
-noUpm
-name
AssetImportWorker1
-projectPath
D:/Unity Ucheba, Game 3d/My 2D Game alien
-logFile
Logs/AssetImportWorker1.log
-srvPort
63230
Successfully changed project path to: D:/Unity Ucheba, Game 3d/My 2D Game alien
D:/Unity Ucheba, Game 3d/My 2D Game alien
Using Asset Import Pipeline V2.
Refreshing native plugins compatible for Editor in 81.98 ms, found 3 plugins.
Preloading 0 native plugins for Editor in 0.00 ms.
Initialize engine version: 2020.3.34f1 (9a4c9c70452b)
[Subsystems] Discovering subsystems at path C:/Unity/2020.3.33f1/2020.3.34f1/Editor/Data/Resources/UnitySubsystems
[Subsystems] Discovering subsystems at path D:/Unity Ucheba, Game 3d/My 2D Game alien/Assets
GfxDevice: creating device client; threaded=0
Direct3D:
    Version:  Direct3D 11.0 [level 11.1]
    Renderer: NVIDIA GeForce MX250 (ID=0x1d13)
    Vendor:   
    VRAM:     1983 MB
    Driver:   30.0.15.1215
Initialize mono
Mono path[0] = 'C:/Unity/2020.3.33f1/2020.3.34f1/Editor/Data/Managed'
Mono path[1] = 'C:/Unity/2020.3.33f1/2020.3.34f1/Editor/Data/MonoBleedingEdge/lib/mono/unityjit'
Mono config path = 'C:/Unity/2020.3.33f1/2020.3.34f1/Editor/Data/MonoBleedingEdge/etc'
Using monoOptions --debugger-agent=transport=dt_socket,embedding=1,server=y,suspend=n,address=127.0.0.1:56316
Begin MonoManager ReloadAssembly
Registering precompiled unity dll's ...
Register platform support module: C:/Unity/2020.3.33f1/2020.3.34f1/Editor/Data/PlaybackEngines/WindowsStandaloneSupport/UnityEditor.WindowsStandalone.Extensions.dll
Registered in 0.000933 seconds.
Native extension for WindowsStandalone target not found
Refreshing native plugins compatible for Editor in 74.35 ms, found 3 plugins.
Preloading 0 native plugins for Editor in 0.00 ms.
Mono: successfully reloaded assembly
- Completed reload, in  0.653 seconds
Domain Reload Profiling:
	ReloadAssembly (653ms)
		BeginReloadAssembly (58ms)
			ExecutionOrderSort (0ms)
			DisableScriptedObjects (0ms)
			BackupInstance (0ms)
			ReleaseScriptingObjects (0ms)
			CreateAndSetChildDomain (1ms)
		EndReloadAssembly (525ms)
			LoadAssemblies (57ms)
			RebuildTransferFunctionScriptingTraits (0ms)
			SetupTypeCache (158ms)
			ReleaseScriptCaches (0ms)
			RebuildScriptCaches (36ms)
			SetupLoadedEditorAssemblies (223ms)
				LogAssemblyErrors (0ms)
				InitializePlatformSupportModulesInManaged (4ms)
				SetLoadedEditorAssemblies (0ms)
				RefreshPlugins (74ms)
				BeforeProcessingInitializeOnLoad (15ms)
				ProcessInitializeOnLoadAttributes (95ms)
				ProcessInitializeOnLoadMethodAttributes (34ms)
				AfterProcessingInitializeOnLoad (0ms)
				EditorAssembliesLoaded (0ms)
			ExecutionOrderSort2 (0ms)
			AwakeInstancesAfterBackupRestoration (0ms)
Platform modules already initialized, skipping
Registering precompiled user dll's ...
Registered in 0.002085 seconds.
Begin MonoManager ReloadAssembly
Native extension for WindowsStandalone target not found
Refreshing native plugins compatible for Editor in 73.61 ms, found 3 plugins.
Preloading 0 native plugins for Editor in 0.00 ms.
Mono: successfully reloaded assembly
- Completed reload, in  2.167 seconds
Domain Reload Profiling:
	ReloadAssembly (2170ms)
		BeginReloadAssembly (165ms)
			ExecutionOrderSort (0ms)
			DisableScriptedObjects (5ms)
			BackupInstance (0ms)
			ReleaseScriptingObjects (0ms)
			CreateAndSetChildDomain (24ms)
		EndReloadAssembly (1881ms)
			LoadAssemblies (753ms)
			RebuildTransferFunctionScriptingTraits (0ms)
			SetupTypeCache (416ms)
			ReleaseScriptCaches (1ms)
			RebuildScriptCaches (62ms)
			SetupLoadedEditorAssemblies (506ms)
				LogAssemblyErrors (0ms)
				InitializePlatformSupportModulesInManaged (3ms)
				SetLoadedEditorAssemblies (0ms)
				RefreshPlugins (74ms)
				BeforeProcessingInitializeOnLoad (90ms)
				ProcessInitializeOnLoadAttributes (294ms)
				ProcessInitializeOnLoadMethodAttributes (41ms)
				AfterProcessingInitializeOnLoad (3ms)
				EditorAssembliesLoaded (0ms)
			ExecutionOrderSort2 (0ms)
			AwakeInstancesAfterBackupRestoration (3ms)
Platform modules already initialized, skipping
========================================================================
Worker process is ready to serve import requests
Launched and connected shader compiler UnityShaderCompiler.exe after 0.12 seconds
Refreshing native plugins compatible for Editor in 0.80 ms, found 3 plugins.
Preloading 0 native plugins for Editor in 0.00 ms.
Unloading 2238 Unused Serialized files (Serialized files now loaded: 0)
System memory in use before: 100.3 MB.
System memory in use after: 100.2 MB.

Unloading 31 unused Assets to reduce memory usage. Loaded Objects now: 2670.
Total: 9.880500 ms (FindLiveObjects: 0.172200 ms CreateObjectMapping: 0.097600 ms MarkObjects: 9.461800 ms  DeleteObjects: 0.147400 ms)

AssetImportParameters requested are different than current active one (requested -> active):
  custom:framework-win-MediaFoundation: 216162199b28c13a410421893ffa2e32 -> 
  custom:video-decoder-ogg-theora: a1e56fd34408186e4bbccfd4996cb3dc -> 
  custom:container-muxer-webm: aa71ff27fc2769a1b78a27578f13a17b -> 
  custom:container-demuxer-webm: 4f35f7cbe854078d1ac9338744f61a02 -> 
  custom:container-demuxer-ogg: 62fdf1f143b41e24485cea50d1cbac27 -> 
  custom:video-encoder-webm-vp8: eb34c28f22e8b96e1ab97ce403110664 -> 
  custom:video-decoder-webm-vp8: 9c59270c3fd7afecdb556c50c9e8de78 -> 
  custom:audio-decoder-ogg-vorbis: bf7c407c2cedff20999df2af8eb42d56 -> 
  custom:audio-encoder-webm-vorbis: bf7c407c2cedff20999df2af8eb42d56 -> 
========================================================================
Received Import Request.
  path: Assets/platformer-pack-redux-360-assets/PNG/Players/128x256/Blue/alienBlue_jump.png
  artifactKey: Guid(b145dd36293501443909b3e896ea3562) Importer(815301076,1909f56bfc062723c751e8b465ee728b)
Start importing Assets/platformer-pack-redux-360-assets/PNG/Players/128x256/Blue/alienBlue_jump.png using Guid(b145dd36293501443909b3e896ea3562) Importer(815301076,1909f56bfc062723c751e8b465ee728b)  -> (artifact id: 'c88bd2fbe21b9a649c4d3dad93ecc723') in 0.203929 seconds 
========================================================================
Received Import Request.
  Time since last request: 0.000779 seconds.
  path: Assets/platformer-pack-redux-360-assets/PNG/Players/128x256/Blue/alienBlue_front.png
  artifactKey: Guid(6bc9ba7965f6fb845b58199caa8ef132) Importer(815301076,1909f56bfc062723c751e8b465ee728b)
Start importing Assets/platformer-pack-redux-360-assets/PNG/Players/128x256/Blue/alienBlue_front.png using Guid(6bc9ba7965f6fb845b58199caa8ef132) Importer(815301076,1909f56bfc062723c751e8b465ee728b)  -> (artifact id: '0a45f736fe990abab855bc54d1384f5d') in 0.034622 seconds 
========================================================================
Received Import Request.
  Time since last request: 0.000337 seconds.
  path: Assets/platformer-pack-redux-360-assets/PNG/Players/128x256/Blue/alienBlue_walk1.png
  artifactKey: Guid(ff0c8141762a5d5419c00cd5d474a182) Importer(815301076,1909f56bfc062723c751e8b465ee728b)
Start importing Assets/platformer-pack-redux-360-assets/PNG/Players/128x256/Blue/alienBlue_walk1.png using Guid(ff0c8141762a5d5419c00cd5d474a182) Importer(815301076,1909f56bfc062723c751e8b465ee728b)  -> (artifact id: 'c2eb94f4a5b7dc350b281ed3065a22ba') in 0.045238 seconds 
========================================================================
Received Import Request.
  Time since last request: 0.000601 seconds.
  path: Assets/platformer-pack-redux-360-assets/PNG/Players/128x256/Blue/alienBlue_hit.png
  artifactKey: Guid(99ceec7113b38c24790bca66ec09470d) Importer(815301076,1909f56bfc062723c751e8b465ee728b)
Start importing Assets/platformer-pack-redux-360-assets/PNG/Players/128x256/Blue/alienBlue_hit.png using Guid(99ceec7113b38c24790bca66ec09470d) Importer(815301076,1909f56bfc062723c751e8b465ee728b)  -> (artifact id: '605dfc29dca95d493a5dfad9cad1ff66') in 0.028082 seconds 
========================================================================
Received Import Request.
  Time since last request: 0.000228 seconds.
  path: Assets/platformer-pack-redux-360-assets/PNG/Players/128x256/Blue/alienBlue_walk2.png
  artifactKey: Guid(b1556b6040acb6642958386772bd9f72) Importer(815301076,1909f56bfc062723c751e8b465ee728b)
Start importing Assets/platformer-pack-redux-360-assets/PNG/Players/128x256/Blue/alienBlue_walk2.png using Guid(b1556b6040acb6642958386772bd9f72) Importer(815301076,1909f56bfc062723c751e8b465ee728b)  -> (artifact id: '44ae1751069a28a949cf531de56c65ac') in 0.017363 seconds 
========================================================================
Received Import Request.
  Time since last request: 513.686893 seconds.
  path: Assets/platformer-pack-redux-360-assets/PNG/Players/Variable sizes/Blue/alienBlue_front.png
  artifactKey: Guid(429c39b9bee3f4b488f0d77ad61c1cb7) Importer(815301076,1909f56bfc062723c751e8b465ee728b)
Start importing Assets/platformer-pack-redux-360-assets/PNG/Players/Variable sizes/Blue/alienBlue_front.png using Guid(429c39b9bee3f4b488f0d77ad61c1cb7) Importer(815301076,1909f56bfc062723c751e8b465ee728b)  -> (artifact id: '3b5e35f07b266572e9b30cf28f93825d') in 0.286163 seconds 
========================================================================
Received Import Request.
  Time since last request: 0.000331 seconds.
  path: Assets/platformer-pack-redux-360-assets/PNG/Players/128x256/Green/alienGreen_hit.png
  artifactKey: Guid(10496fbfaa5de084d91c9e1c7dbc8bbf) Importer(815301076,1909f56bfc062723c751e8b465ee728b)
Start importing Assets/platformer-pack-redux-360-assets/PNG/Players/128x256/Green/alienGreen_hit.png using Guid(10496fbfaa5de084d91c9e1c7dbc8bbf) Importer(815301076,1909f56bfc062723c751e8b465ee728b)  -> (artifact id: 'db8ba7e06d5629bf9f3e45e4da9805a1') in 0.115444 seconds 
========================================================================
Received Import Request.
  Time since last request: 0.000371 seconds.
  path: Assets/platformer-pack-redux-360-assets/PNG/Players/Variable sizes/Green/alienGreen_climb1.png
  artifactKey: Guid(36b31a94bd8475241967c4deaef4e4aa) Importer(815301076,1909f56bfc062723c751e8b465ee728b)
Start importing Assets/platformer-pack-redux-360-assets/PNG/Players/Variable sizes/Green/alienGreen_climb1.png using Guid(36b31a94bd8475241967c4deaef4e4aa) Importer(815301076,1909f56bfc062723c751e8b465ee728b)  -> (artifact id: 'e1a94ea007679b45f8b3f8b438e8d2f5') in 0.111180 seconds 
========================================================================
Received Import Request.
  Time since last request: 0.000258 seconds.
  path: Assets/platformer-pack-redux-360-assets/PNG/Players/128x256/Green/alienGreen_duck.png
  artifactKey: Guid(980f4ac66b4367541afd8f101e084f12) Importer(815301076,1909f56bfc062723c751e8b465ee728b)
Start importing Assets/platformer-pack-redux-360-assets/PNG/Players/128x256/Green/alienGreen_duck.png using Guid(980f4ac66b4367541afd8f101e084f12) Importer(815301076,1909f56bfc062723c751e8b465ee728b)  -> (artifact id: 'f02489b50bf355efe8c0888ee2595a6b') in 0.061157 seconds 
========================================================================
Received Import Request.
  Time since last request: 0.000424 seconds.
  path: Assets/platformer-pack-redux-360-assets/PNG/Players/Variable sizes/Green/alienGreen_front.png
  artifactKey: Guid(9b7b7d948f556134a9fd5a6f7b8eae11) Importer(815301076,1909f56bfc062723c751e8b465ee728b)
Start importing Assets/platformer-pack-redux-360-assets/PNG/Players/Variable sizes/Green/alienGreen_front.png using Guid(9b7b7d948f556134a9fd5a6f7b8eae11) Importer(815301076,1909f56bfc062723c751e8b465ee728b)  -> (artifact id: '149bee4826f53261163f7b0ace1878ea') in 0.079777 seconds 
========================================================================
Received Import Request.
  Time since last request: 0.001039 seconds.
  path: Assets/platformer-pack-redux-360-assets/PNG/Players/Variable sizes/Green/alienGreen_duck.png
  artifactKey: Guid(a7e87f74a50af0c448bae6274b5c06e9) Importer(815301076,1909f56bfc062723c751e8b465ee728b)
Start importing Assets/platformer-pack-redux-360-assets/PNG/Players/Variable sizes/Green/alienGreen_duck.png using Guid(a7e87f74a50af0c448bae6274b5c06e9) Importer(815301076,1909f56bfc062723c751e8b465ee728b)  -> (artifact id: '3dd9ddaabe8531b2ab5810165e18a964') in 0.046542 seconds 
========================================================================
Received Import Request.
  Time since last request: 0.000285 seconds.
  path: Assets/platformer-pack-redux-360-assets/PNG/Players/128x256/Green/alienGreen_climb1.png
  artifactKey: Guid(f98e1bd8f4ec7474c84a306e460ba1d8) Importer(815301076,1909f56bfc062723c751e8b465ee728b)
Start importing Assets/platformer-pack-redux-360-assets/PNG/Players/128x256/Green/alienGreen_climb1.png using Guid(f98e1bd8f4ec7474c84a306e460ba1d8) Importer(815301076,1909f56bfc062723c751e8b465ee728b)  -> (artifact id: '8aba07562546be253f76b130ecdb9274') in 0.045650 seconds 
========================================================================
Received Import Request.
  Time since last request: 0.000788 seconds.
  path: Assets/platformer-pack-redux-360-assets/PNG/Players/Variable sizes/Green/alienGreen_hit.png
  artifactKey: Guid(21bb77566191fda4a84e4906b23a10af) Importer(815301076,1909f56bfc062723c751e8b465ee728b)
Start importing Assets/platformer-pack-redux-360-assets/PNG/Players/Variable sizes/Green/alienGreen_hit.png using Guid(21bb77566191fda4a84e4906b23a10af) Importer(815301076,1909f56bfc062723c751e8b465ee728b)  -> (artifact id: '80424031774d367404f69f6d1aaf7008') in 0.049527 seconds 
========================================================================
Received Import Request.
  Time since last request: 0.000659 seconds.
  path: Assets/platformer-pack-redux-360-assets/PNG/Players/Variable sizes/Blue/alienBlue_hit.png
  artifactKey: Guid(2757dbbd65dcea4408354f56b8b3fc31) Importer(815301076,1909f56bfc062723c751e8b465ee728b)
Start importing Assets/platformer-pack-redux-360-assets/PNG/Players/Variable sizes/Blue/alienBlue_hit.png using Guid(2757dbbd65dcea4408354f56b8b3fc31) Importer(815301076,1909f56bfc062723c751e8b465ee728b)  -> (artifact id: '8fcd8810f56c551ea3b2980778a91506') in 0.052704 seconds 
========================================================================
Received Import Request.
  Time since last request: 0.000443 seconds.
  path: Assets/platformer-pack-redux-360-assets/PNG/Players/Variable sizes/Blue/alienBlue_walk1.png
  artifactKey: Guid(0df66b6c5e245ab4ba3cd14ab8f076b8) Importer(815301076,1909f56bfc062723c751e8b465ee728b)
Start importing Assets/platformer-pack-redux-360-assets/PNG/Players/Variable sizes/Blue/alienBlue_walk1.png using Guid(0df66b6c5e245ab4ba3cd14ab8f076b8) Importer(815301076,1909f56bfc062723c751e8b465ee728b)  -> (artifact id: 'fb1ed084ba5936fc11a58f87865f7a27') in 0.036891 seconds 
========================================================================
Received Import Request.
  Time since last request: 0.000283 seconds.
  path: Assets/platformer-pack-redux-360-assets/PNG/Players/Variable sizes/Blue/alienBlue_walk2.png
  artifactKey: Guid(b7376440ae91b404c9922c7fd8a0639a) Importer(815301076,1909f56bfc062723c751e8b465ee728b)
Start importing Assets/platformer-pack-redux-360-assets/PNG/Players/Variable sizes/Blue/alienBlue_walk2.png using Guid(b7376440ae91b404c9922c7fd8a0639a) Importer(815301076,1909f56bfc062723c751e8b465ee728b)  -> (artifact id: 'f7f062598aa465bbf22c55a031ec44ca') in 0.019110 seconds 
========================================================================
Received Import Request.
  Time since last request: 0.000267 seconds.
  path: Assets/platformer-pack-redux-360-assets/PNG/Players/Variable sizes/Green/alienGreen_climb2.png
  artifactKey: Guid(9c18f7038161e814ead3afc4876498b1) Importer(815301076,1909f56bfc062723c751e8b465ee728b)
Start importing Assets/platformer-pack-redux-360-assets/PNG/Players/Variable sizes/Green/alienGreen_climb2.png using Guid(9c18f7038161e814ead3afc4876498b1) Importer(815301076,1909f56bfc062723c751e8b465ee728b)  -> (artifact id: '9f39f08db83579855c3d8175b0cf1fe4') in 0.029842 seconds 
========================================================================
Received Import Request.
  Time since last request: 0.000213 seconds.
  path: Assets/platformer-pack-redux-360-assets/PNG/Players/128x256/Green/alienGreen_climb2.png
  artifactKey: Guid(ddeadb5b64f3d3743ad448308a38b208) Importer(815301076,1909f56bfc062723c751e8b465ee728b)
Start importing Assets/platformer-pack-redux-360-assets/PNG/Players/128x256/Green/alienGreen_climb2.png using Guid(ddeadb5b64f3d3743ad448308a38b208) Importer(815301076,1909f56bfc062723c751e8b465ee728b)  -> (artifact id: '1f0c246382b6231e9f1d8effad33b0dd') in 0.047040 seconds 
========================================================================
Received Import Request.
  Time since last request: 0.000490 seconds.
  path: Assets/platformer-pack-redux-360-assets/PNG/Players/128x256/Green/alienGreen_jump.png
  artifactKey: Guid(a42613fa8a40385469f3ff88a8ad50f3) Importer(815301076,1909f56bfc062723c751e8b465ee728b)
Start importing Assets/platformer-pack-redux-360-assets/PNG/Players/128x256/Green/alienGreen_jump.png using Guid(a42613fa8a40385469f3ff88a8ad50f3) Importer(815301076,1909f56bfc062723c751e8b465ee728b)  -> (artifact id: '9efc2bbcd267f8ac12a9456f6b454ee4') in 0.064404 seconds 
========================================================================
Received Import Request.
  Time since last request: 0.000604 seconds.
  path: Assets/platformer-pack-redux-360-assets/PNG/Players/128x256/Green/alienGreen_front.png
  artifactKey: Guid(6cac64598ead9bf46b850d21fdb71297) Importer(815301076,1909f56bfc062723c751e8b465ee728b)
Start importing Assets/platformer-pack-redux-360-assets/PNG/Players/128x256/Green/alienGreen_front.png using Guid(6cac64598ead9bf46b850d21fdb71297) Importer(815301076,1909f56bfc062723c751e8b465ee728b)  -> (artifact id: 'f7057bca4e65b08cfdfa67c38aac9a19') in 0.043333 seconds 
========================================================================
Received Import Request.
  Time since last request: 0.000391 seconds.
  path: Assets/platformer-pack-redux-360-assets/PNG/Players/Variable sizes/Blue/alienBlue_jump.png
  artifactKey: Guid(80cb26fe24f583048a49560f43ca6729) Importer(815301076,1909f56bfc062723c751e8b465ee728b)
Start importing Assets/platformer-pack-redux-360-assets/PNG/Players/Variable sizes/Blue/alienBlue_jump.png using Guid(80cb26fe24f583048a49560f43ca6729) Importer(815301076,1909f56bfc062723c751e8b465ee728b)  -> (artifact id: '766c86a0ce37b14c5fdc89c82e812c3f') in 0.033577 seconds 
========================================================================
Received Import Request.
  Time since last request: 0.000193 seconds.
  path: Assets/platformer-pack-redux-360-assets/PNG/Players/Variable sizes/Green/alienGreen_jump.png
  artifactKey: Guid(96c3b251388dbf84e84ebc48d56676ba) Importer(815301076,1909f56bfc062723c751e8b465ee728b)
Start importing Assets/platformer-pack-redux-360-assets/PNG/Players/Variable sizes/Green/alienGreen_jump.png using Guid(96c3b251388dbf84e84ebc48d56676ba) Importer(815301076,1909f56bfc062723c751e8b465ee728b)  -> (artifact id: '6dd271ff756e7924cbd6557e00705a75') in 0.053974 seconds 
========================================================================
Received Import Request.
  Time since last request: 2.812050 seconds.
  path: Assets/platformer-pack-redux-360-assets/PNG/Players/Variable sizes/Green/alienGreen_walk1.png
  artifactKey: Guid(4a704030f88f1c24e8d4e6ecdadcd546) Importer(815301076,1909f56bfc062723c751e8b465ee728b)
Start importing Assets/platformer-pack-redux-360-assets/PNG/Players/Variable sizes/Green/alienGreen_walk1.png using Guid(4a704030f88f1c24e8d4e6ecdadcd546) Importer(815301076,1909f56bfc062723c751e8b465ee728b)  -> (artifact id: '0d18d4347c21273367d71e53f161bd84') in 0.066571 seconds 
AssetImportWorkerClient::OnTransportError - code=2 error=End of file
